00:24:59.852 [main                     ] DEBUG Logger               - Configured Logger
00:24:59.858 [main                     ] DEBUG GameApplication      - Logging settings
Title: Arkanoid
Version: 0.0.1
Width: 800
Height: 600
Fullscreen: false
Intro: false
Profiling: false
Single step:false
App Mode: DEVELOPER
Menu Key: ESCAPE
Stage Style: DECORATED
Scene Factory: class com.almasb.fxgl.app.scene.SceneFactory

00:25:00.245 [JavaFX Application Thread] DEBUG FXGLApplication      - Initializing FXGL
00:25:00.247 [JavaFX Application Thread] INFO  Engine               - FXGL-17.3 (30.03.2023 11.49) on WINDOWS (J:25 FX:21.0.6)
00:25:00.247 [JavaFX Application Thread] DEBUG Engine               - JRE Vendor Name: Oracle Corporation
00:25:00.247 [JavaFX Application Thread] DEBUG Engine               - Running on OS: Windows 11 version 10.0
00:25:00.247 [JavaFX Application Thread] DEBUG Engine               - Architecture: amd64
00:25:00.247 [JavaFX Application Thread] INFO  Engine               - Source code and latest versions at: https://github.com/AlmasB/FXGL
00:25:00.249 [JavaFX Application Thread] INFO  Engine               -       Ask questions and discuss at: https://github.com/AlmasB/FXGL/discussions
00:25:00.249 [JavaFX Application Thread] INFO  Engine               -              Join the FXGL chat at: https://gitter.im/AlmasB/FXGL
00:25:00.314 [JavaFX Application Thread] DEBUG PrimaryStageWindow   - Creating a JavaFX scene
00:25:00.349 [JavaFX Application Thread] DEBUG PrimaryStageWindow   - Target settings size: 800.0 x 600.0
00:25:00.349 [JavaFX Application Thread] DEBUG PrimaryStageWindow   - Scaled scene size:    800.0 x 600.0
00:25:00.349 [JavaFX Application Thread] DEBUG PrimaryStageWindow   - Scaled ratio: (1.0, 1.0)
00:25:00.350 [JavaFX Application Thread] DEBUG PrimaryStageWindow   - Set initial scene to FXGLStartupScene
00:25:00.352 [JavaFX Application Thread] DEBUG PrimaryStageWindow   - Opening main window
00:25:00.434 [JavaFX Application Thread] DEBUG PrimaryStageWindow   - Window border size: (16.0, 39.0)
00:25:00.434 [JavaFX Application Thread] DEBUG PrimaryStageWindow   - Scaled size: 800.0 x 600.0
00:25:00.434 [JavaFX Application Thread] DEBUG PrimaryStageWindow   - Scaled ratio: (1.0, 1.0)
00:25:00.434 [JavaFX Application Thread] DEBUG PrimaryStageWindow   - Scene size: 800.0 x 600.0
00:25:00.434 [JavaFX Application Thread] DEBUG PrimaryStageWindow   - Stage size: 816.0 x 639.0
00:25:00.440 [FXGL Background Thread 1 ] DEBUG Engine               - Initializing environment variables
00:25:00.480 [FXGL Background Thread 1 ] DEBUG FXGLAssetLoaderServi - User app class for loading assets: class org.arkanoid.Main
00:25:00.480 [FXGL Background Thread 1 ] DEBUG GameApplicationServi - Applying CSS: fxgl_dark.css
00:25:00.481 [FXGL Background Thread 1 ] DEBUG FXGLAssetLoaderServi - Loading from file system: jar:file:///C:/Users/nambu/.m2/repository/com/github/almasb/fxgl/17.3/fxgl-17.3.jar!/fxglassets/ui/css/fxgl_dark.css
00:25:00.510 [FXGL Background Thread 1 ] DEBUG GameApplicationServi - Initializing application scenes
00:25:00.532 [FXGL Background Thread 1 ] DEBUG GameWorld            - Game world initialized
00:25:00.565 [FXGL Background Thread 1 ] DEBUG PhysicsWorld         - Physics world initialized: appHeight=600, physics.ppm=50.0
00:25:00.565 [FXGL Background Thread 1 ] DEBUG PhysicsWorld         - Using strategy: BRUTE_FORCE
00:25:00.568 [FXGL Background Thread 1 ] DEBUG GameScene            - Game scene initialized: 800x600
00:25:00.576 [FXGL Background Thread 1 ] DEBUG FXGL.DefaultMenu     - createMenuBodyGameMenu()
00:25:00.586 [FXGL Background Thread 1 ] DEBUG FXGL.DefaultMenu     - createOptionsMenu()
00:25:00.594 [FXGL Background Thread 1 ] DEBUG FXGLAssetLoaderServi - Loading from file system: jar:file:///C:/Users/nambu/.m2/repository/com/github/almasb/fxgl/17.3/fxgl-17.3.jar!/fxglassets/textures/particles/smoke.png
00:25:00.651 [FXGL Background Thread 1 ] DEBUG FXGLAssetLoaderServi - Loading from file system: jar:file:///C:/Users/nambu/.m2/repository/com/github/almasb/fxgl/17.3/fxgl-17.3.jar!/fxglassets/textures/particles/trace_horizontal.png
00:25:00.677 [FXGL Background Thread 1 ] DEBUG GameApplicationServi - Application scenes initialized
00:25:00.686 [FXGL Background Thread 1 ] DEBUG SystemBundleService  - Loading FXGL system data
00:25:00.688 [FXGL Background Thread 1 ] DEBUG FileSystemAccess     - Reading from: C:\Users\nambu\Desktop\INT2204_10_Arkanoid\system\fxgl.bundle
00:25:00.692 [FXGL Background Thread 1 ] DEBUG SystemBundleService  - Bundle FXGL: {}
00:25:00.692 [FXGL Background Thread 1 ] DEBUG UpdaterService       - Checking for updates
00:25:00.696 [FXGL Background Thread 4 ] DEBUG FXGLApplication      - Loading fonts
00:25:00.696 [FXGL Background Thread 1 ] DEBUG FXGLApplication      - Loading default localization
00:25:00.696 [FXGL Background Thread 4 ] DEBUG FXGLAssetLoaderServi - Loading from file system: jar:file:///C:/Users/nambu/.m2/repository/com/github/almasb/fxgl/17.3/fxgl-17.3.jar!/fxglassets/ui/fonts/VarelaRound-Regular.ttf
00:25:00.696 [FXGL Background Thread 1 ] DEBUG FXGLAssetLoaderServi - Loading from file system: jar:file:///C:/Users/nambu/.m2/repository/com/github/almasb/fxgl/17.3/fxgl-17.3.jar!/fxglassets/languages/english.lang
00:25:00.708 [FXGL Background Thread 1 ] INFO  FXGLApplication      - FXGL initialization took: 0.268 sec
00:25:00.709 [JavaFX Application Thread] DEBUG FXGLAssetLoaderServi - Loading from file system: jar:file:///C:/Users/nambu/.m2/repository/com/github/almasb/fxgl/17.3/fxgl-17.3.jar!/fxglassets/textures/fxgl_icon.png
00:25:00.729 [JavaFX Application Thread] DEBUG FXGLAssetLoaderServi - Loading from file system: jar:file:///C:/Users/nambu/.m2/repository/com/github/almasb/fxgl/17.3/fxgl-17.3.jar!/fxglassets/textures/fxgl_default_cursor.png
00:25:00.730 [FXGL Background Thread 4 ] DEBUG FXGLAssetLoaderServi - Loading from file system: jar:file:///C:/Users/nambu/.m2/repository/com/github/almasb/fxgl/17.3/fxgl-17.3.jar!/fxglassets/ui/fonts/Abel-Regular.ttf
00:25:00.733 [FXGL Background Thread 4 ] DEBUG FXGLAssetLoaderServi - Loading from file system: jar:file:///C:/Users/nambu/.m2/repository/com/github/almasb/fxgl/17.3/fxgl-17.3.jar!/fxglassets/ui/fonts/TerminalLandMono-Regular.otf
00:25:00.737 [FXGL Background Thread 4 ] DEBUG FXGLAssetLoaderServi - Loading from file system: jar:file:///C:/Users/nambu/.m2/repository/com/github/almasb/fxgl/17.3/fxgl-17.3.jar!/fxglassets/ui/fonts/Courier-Prime.ttf
00:25:00.738 [JavaFX Application Thread] DEBUG Input                - Registered new binding: Screenshot - CTRL+8
00:25:00.739 [JavaFX Application Thread] DEBUG Input                - Registered new binding: System info dump - CTRL+9
00:25:00.739 [JavaFX Application Thread] DEBUG Input                - Registered new binding: Restart - CTRL+R
00:25:00.739 [JavaFX Application Thread] DEBUG Input                - Registered new binding: Toggle Debug Camera - CTRL+7
00:25:00.741 [JavaFX Application Thread] DEBUG LoopRunner           - Starting loop
00:25:00.741 [JavaFX Application Thread] DEBUG LoopRunner           - Initializing JavaFX AnimationTimerLoop
00:25:00.742 [JavaFX Application Thread] DEBUG GameApplicationServi - Starting new game
00:25:00.742 [JavaFX Application Thread] DEBUG Input                - Clearing active input actions
00:25:00.752 [JavaFX Application Thread] DEBUG GameApplicationServi - Removing overlay from FXGLStartupScene and adding to FXGLLoadingScene
00:25:00.753 [JavaFX Application Thread] DEBUG PrimaryStageWindow   - FXGLStartupScene -> FXGLLoadingScene
00:25:00.753 [JavaFX Application Thread] DEBUG GameApplicationServi - Clearing previous game
00:25:00.753 [JavaFX Application Thread] DEBUG GameScene            - Clearing game scene
00:25:00.753 [JavaFX Application Thread] DEBUG GameWorld            - Clearing game world
00:25:00.753 [JavaFX Application Thread] DEBUG PhysicsWorld         - Clearing physics world
00:25:00.754 [FXGL Background Thread 4 ] DEBUG FXGLApplication      - Initializing game
00:25:00.754 [JavaFX Application Thread] DEBUG FXGLApplication      - Registering font factories with UI factory
00:25:00.762 [FXGL Background Thread 4 ] INFO  FXGLApplication      - Game initialization took: 0.008 sec
00:25:00.785 [JavaFX Application Thread] DEBUG Input                - Clearing active input actions
00:25:00.793 [JavaFX Application Thread] DEBUG GameApplicationServi - Removing overlay from FXGLLoadingScene and adding to GameScene
00:25:00.793 [JavaFX Application Thread] DEBUG PrimaryStageWindow   - FXGLLoadingScene -> GameScene
00:25:02.883 [JavaFX Application Thread] DEBUG FXGLApplication      - Exiting FXGL
00:25:02.884 [JavaFX Application Thread] DEBUG LoopRunner           - Stopping loop
00:25:02.884 [JavaFX Application Thread] DEBUG SystemBundleService  - Saving FXGL system data
00:25:02.885 [JavaFX Application Thread] DEBUG FileSystemAccess     - Writing to: C:\Users\nambu\Desktop\INT2204_10_Arkanoid\system\fxgl.bundle
00:25:02.887 [JavaFX Application Thread] DEBUG Async                - Shutting down background threads
00:25:02.887 [JavaFX Application Thread] DEBUG PrimaryStageWindow   - Closing main window
00:25:02.905 [JavaFX Application Thread] DEBUG Logger               - Closing Logger
