00:25:23.475 [main                     ] DEBUG Logger               - Configured Logger
00:25:23.481 [main                     ] DEBUG GameApplication      - Logging settings
Title: Arkanoid
Version: 0.0.1
Width: 800
Height: 600
Fullscreen: false
Intro: false
Profiling: false
Single step:false
App Mode: DEVELOPER
Menu Key: ESCAPE
Stage Style: DECORATED
Scene Factory: class com.almasb.fxgl.app.scene.SceneFactory

00:25:23.874 [JavaFX Application Thread] DEBUG FXGLApplication      - Initializing FXGL
00:25:23.876 [JavaFX Application Thread] INFO  Engine               - FXGL-17.3 (30.03.2023 11.49) on WINDOWS (J:25 FX:21.0.6)
00:25:23.876 [JavaFX Application Thread] DEBUG Engine               - JRE Vendor Name: Oracle Corporation
00:25:23.877 [JavaFX Application Thread] DEBUG Engine               - Running on OS: Windows 11 version 10.0
00:25:23.877 [JavaFX Application Thread] DEBUG Engine               - Architecture: amd64
00:25:23.877 [JavaFX Application Thread] INFO  Engine               - Source code and latest versions at: https://github.com/AlmasB/FXGL
00:25:23.877 [JavaFX Application Thread] INFO  Engine               -       Ask questions and discuss at: https://github.com/AlmasB/FXGL/discussions
00:25:23.877 [JavaFX Application Thread] INFO  Engine               -              Join the FXGL chat at: https://gitter.im/AlmasB/FXGL
00:25:23.945 [JavaFX Application Thread] DEBUG PrimaryStageWindow   - Creating a JavaFX scene
00:25:23.982 [JavaFX Application Thread] DEBUG PrimaryStageWindow   - Target settings size: 800.0 x 600.0
00:25:23.982 [JavaFX Application Thread] DEBUG PrimaryStageWindow   - Scaled scene size:    800.0 x 600.0
00:25:23.982 [JavaFX Application Thread] DEBUG PrimaryStageWindow   - Scaled ratio: (1.0, 1.0)
00:25:23.983 [JavaFX Application Thread] DEBUG PrimaryStageWindow   - Set initial scene to FXGLStartupScene
00:25:23.985 [JavaFX Application Thread] DEBUG PrimaryStageWindow   - Opening main window
00:25:24.068 [JavaFX Application Thread] DEBUG PrimaryStageWindow   - Window border size: (16.0, 39.0)
00:25:24.068 [JavaFX Application Thread] DEBUG PrimaryStageWindow   - Scaled size: 800.0 x 600.0
00:25:24.068 [JavaFX Application Thread] DEBUG PrimaryStageWindow   - Scaled ratio: (1.0, 1.0)
00:25:24.068 [JavaFX Application Thread] DEBUG PrimaryStageWindow   - Scene size: 800.0 x 600.0
00:25:24.068 [JavaFX Application Thread] DEBUG PrimaryStageWindow   - Stage size: 816.0 x 639.0
00:25:24.074 [FXGL Background Thread 1 ] DEBUG Engine               - Initializing environment variables
00:25:24.118 [FXGL Background Thread 1 ] DEBUG FXGLAssetLoaderServi - User app class for loading assets: class org.arkanoid.Main
00:25:24.118 [FXGL Background Thread 1 ] DEBUG GameApplicationServi - Applying CSS: fxgl_dark.css
00:25:24.118 [FXGL Background Thread 1 ] DEBUG FXGLAssetLoaderServi - Loading from file system: jar:file:///C:/Users/nambu/.m2/repository/com/github/almasb/fxgl/17.3/fxgl-17.3.jar!/fxglassets/ui/css/fxgl_dark.css
00:25:24.149 [FXGL Background Thread 1 ] DEBUG GameApplicationServi - Initializing application scenes
00:25:24.171 [FXGL Background Thread 1 ] DEBUG GameWorld            - Game world initialized
00:25:24.206 [FXGL Background Thread 1 ] DEBUG PhysicsWorld         - Physics world initialized: appHeight=600, physics.ppm=50.0
00:25:24.206 [FXGL Background Thread 1 ] DEBUG PhysicsWorld         - Using strategy: BRUTE_FORCE
00:25:24.209 [FXGL Background Thread 1 ] DEBUG GameScene            - Game scene initialized: 800x600
00:25:24.218 [FXGL Background Thread 1 ] DEBUG FXGL.DefaultMenu     - createMenuBodyGameMenu()
00:25:24.228 [FXGL Background Thread 1 ] DEBUG FXGL.DefaultMenu     - createOptionsMenu()
00:25:24.236 [FXGL Background Thread 1 ] DEBUG FXGLAssetLoaderServi - Loading from file system: jar:file:///C:/Users/nambu/.m2/repository/com/github/almasb/fxgl/17.3/fxgl-17.3.jar!/fxglassets/textures/particles/smoke.png
00:25:24.293 [FXGL Background Thread 1 ] DEBUG FXGLAssetLoaderServi - Loading from file system: jar:file:///C:/Users/nambu/.m2/repository/com/github/almasb/fxgl/17.3/fxgl-17.3.jar!/fxglassets/textures/particles/trace_horizontal.png
00:25:24.319 [FXGL Background Thread 1 ] DEBUG GameApplicationServi - Application scenes initialized
00:25:24.326 [FXGL Background Thread 1 ] DEBUG SystemBundleService  - Loading FXGL system data
00:25:24.330 [FXGL Background Thread 1 ] DEBUG FileSystemAccess     - Reading from: C:\Users\nambu\Desktop\INT2204_10_Arkanoid\system\fxgl.bundle
00:25:24.335 [FXGL Background Thread 1 ] DEBUG SystemBundleService  - Bundle FXGL: {}
00:25:24.335 [FXGL Background Thread 1 ] DEBUG UpdaterService       - Checking for updates
00:25:24.338 [FXGL Background Thread 4 ] DEBUG FXGLApplication      - Loading fonts
00:25:24.338 [FXGL Background Thread 1 ] DEBUG FXGLApplication      - Loading default localization
00:25:24.338 [FXGL Background Thread 4 ] DEBUG FXGLAssetLoaderServi - Loading from file system: jar:file:///C:/Users/nambu/.m2/repository/com/github/almasb/fxgl/17.3/fxgl-17.3.jar!/fxglassets/ui/fonts/VarelaRound-Regular.ttf
00:25:24.339 [FXGL Background Thread 1 ] DEBUG FXGLAssetLoaderServi - Loading from file system: jar:file:///C:/Users/nambu/.m2/repository/com/github/almasb/fxgl/17.3/fxgl-17.3.jar!/fxglassets/languages/english.lang
00:25:24.352 [FXGL Background Thread 1 ] INFO  FXGLApplication      - FXGL initialization took: 0.277 sec
00:25:24.353 [JavaFX Application Thread] DEBUG FXGLAssetLoaderServi - Loading from file system: jar:file:///C:/Users/nambu/.m2/repository/com/github/almasb/fxgl/17.3/fxgl-17.3.jar!/fxglassets/textures/fxgl_icon.png
00:25:24.369 [JavaFX Application Thread] DEBUG FXGLAssetLoaderServi - Loading from file system: jar:file:///C:/Users/nambu/.m2/repository/com/github/almasb/fxgl/17.3/fxgl-17.3.jar!/fxglassets/textures/fxgl_default_cursor.png
00:25:24.373 [FXGL Background Thread 4 ] DEBUG FXGLAssetLoaderServi - Loading from file system: jar:file:///C:/Users/nambu/.m2/repository/com/github/almasb/fxgl/17.3/fxgl-17.3.jar!/fxglassets/ui/fonts/Abel-Regular.ttf
00:25:24.377 [FXGL Background Thread 4 ] DEBUG FXGLAssetLoaderServi - Loading from file system: jar:file:///C:/Users/nambu/.m2/repository/com/github/almasb/fxgl/17.3/fxgl-17.3.jar!/fxglassets/ui/fonts/TerminalLandMono-Regular.otf
00:25:24.378 [JavaFX Application Thread] DEBUG Input                - Registered new binding: Screenshot - CTRL+8
00:25:24.379 [JavaFX Application Thread] DEBUG Input                - Registered new binding: System info dump - CTRL+9
00:25:24.380 [JavaFX Application Thread] DEBUG Input                - Registered new binding: Restart - CTRL+R
00:25:24.380 [JavaFX Application Thread] DEBUG Input                - Registered new binding: Toggle Debug Camera - CTRL+7
00:25:24.381 [FXGL Background Thread 4 ] DEBUG FXGLAssetLoaderServi - Loading from file system: jar:file:///C:/Users/nambu/.m2/repository/com/github/almasb/fxgl/17.3/fxgl-17.3.jar!/fxglassets/ui/fonts/Courier-Prime.ttf
00:25:24.383 [JavaFX Application Thread] DEBUG LoopRunner           - Starting loop
00:25:24.383 [JavaFX Application Thread] DEBUG LoopRunner           - Initializing JavaFX AnimationTimerLoop
00:25:24.384 [JavaFX Application Thread] DEBUG GameApplicationServi - Starting new game
00:25:24.384 [JavaFX Application Thread] DEBUG Input                - Clearing active input actions
00:25:24.394 [JavaFX Application Thread] DEBUG GameApplicationServi - Removing overlay from FXGLStartupScene and adding to FXGLLoadingScene
00:25:24.395 [JavaFX Application Thread] DEBUG PrimaryStageWindow   - FXGLStartupScene -> FXGLLoadingScene
00:25:24.395 [JavaFX Application Thread] DEBUG GameApplicationServi - Clearing previous game
00:25:24.395 [JavaFX Application Thread] DEBUG GameScene            - Clearing game scene
00:25:24.395 [JavaFX Application Thread] DEBUG GameWorld            - Clearing game world
00:25:24.395 [JavaFX Application Thread] DEBUG PhysicsWorld         - Clearing physics world
00:25:24.397 [FXGL Background Thread 4 ] DEBUG FXGLApplication      - Initializing game
00:25:24.399 [JavaFX Application Thread] DEBUG FXGLApplication      - Registering font factories with UI factory
00:25:24.402 [FXGL Background Thread 4 ] INFO  FXGLApplication      - Game initialization took: 0.005 sec
00:25:24.438 [JavaFX Application Thread] DEBUG Input                - Clearing active input actions
00:25:24.447 [JavaFX Application Thread] DEBUG GameApplicationServi - Removing overlay from FXGLLoadingScene and adding to GameScene
00:25:24.449 [JavaFX Application Thread] DEBUG PrimaryStageWindow   - FXGLLoadingScene -> GameScene
00:25:25.199 [FXGL Background Thread 2 ] INFO  UpdaterService       - Your current version:  17.3
00:25:25.199 [FXGL Background Thread 2 ] INFO  UpdaterService       - Latest stable version: 21.1
00:25:25.873 [JavaFX Application Thread] DEBUG FXGLApplication      - Exiting FXGL
00:25:25.873 [JavaFX Application Thread] DEBUG LoopRunner           - Stopping loop
00:25:25.873 [JavaFX Application Thread] DEBUG SystemBundleService  - Saving FXGL system data
00:25:25.875 [JavaFX Application Thread] DEBUG FileSystemAccess     - Writing to: C:\Users\nambu\Desktop\INT2204_10_Arkanoid\system\fxgl.bundle
00:25:25.876 [JavaFX Application Thread] DEBUG Async                - Shutting down background threads
00:25:25.876 [JavaFX Application Thread] DEBUG PrimaryStageWindow   - Closing main window
00:25:25.894 [JavaFX Application Thread] DEBUG Logger               - Closing Logger
