23:54:47.006 [main                     ] DEBUG Logger               - Configured Logger
23:54:47.012 [main                     ] DEBUG GameApplication      - Logging settings
Title: Arkanoid
Version: 0.0.1
Width: 800
Height: 600
Fullscreen: false
Intro: false
Profiling: false
Single step:false
App Mode: DEVELOPER
Menu Key: ESCAPE
Stage Style: DECORATED
Scene Factory: class com.almasb.fxgl.app.scene.SceneFactory

23:54:47.411 [JavaFX Application Thread] DEBUG FXGLApplication      - Initializing FXGL
23:54:47.412 [JavaFX Application Thread] INFO  Engine               - FXGL-17.3 (30.03.2023 11.49) on WINDOWS (J:25 FX:21.0.6)
23:54:47.413 [JavaFX Application Thread] DEBUG Engine               - JRE Vendor Name: Oracle Corporation
23:54:47.413 [JavaFX Application Thread] DEBUG Engine               - Running on OS: Windows 11 version 10.0
23:54:47.413 [JavaFX Application Thread] DEBUG Engine               - Architecture: amd64
23:54:47.413 [JavaFX Application Thread] INFO  Engine               - Source code and latest versions at: https://github.com/AlmasB/FXGL
23:54:47.413 [JavaFX Application Thread] INFO  Engine               -       Ask questions and discuss at: https://github.com/AlmasB/FXGL/discussions
23:54:47.413 [JavaFX Application Thread] INFO  Engine               -              Join the FXGL chat at: https://gitter.im/AlmasB/FXGL
23:54:47.481 [JavaFX Application Thread] DEBUG PrimaryStageWindow   - Creating a JavaFX scene
23:54:47.515 [JavaFX Application Thread] DEBUG PrimaryStageWindow   - Target settings size: 800.0 x 600.0
23:54:47.515 [JavaFX Application Thread] DEBUG PrimaryStageWindow   - Scaled scene size:    800.0 x 600.0
23:54:47.515 [JavaFX Application Thread] DEBUG PrimaryStageWindow   - Scaled ratio: (1.0, 1.0)
23:54:47.516 [JavaFX Application Thread] DEBUG PrimaryStageWindow   - Set initial scene to FXGLStartupScene
23:54:47.517 [JavaFX Application Thread] DEBUG PrimaryStageWindow   - Opening main window
23:54:47.595 [JavaFX Application Thread] DEBUG PrimaryStageWindow   - Window border size: (16.0, 39.0)
23:54:47.595 [JavaFX Application Thread] DEBUG PrimaryStageWindow   - Scaled size: 800.0 x 600.0
23:54:47.595 [JavaFX Application Thread] DEBUG PrimaryStageWindow   - Scaled ratio: (1.0, 1.0)
23:54:47.595 [JavaFX Application Thread] DEBUG PrimaryStageWindow   - Scene size: 800.0 x 600.0
23:54:47.595 [JavaFX Application Thread] DEBUG PrimaryStageWindow   - Stage size: 816.0 x 639.0
23:54:47.601 [FXGL Background Thread 1 ] DEBUG Engine               - Initializing environment variables
23:54:47.638 [FXGL Background Thread 1 ] DEBUG FXGLAssetLoaderServi - User app class for loading assets: class org.arkanoid.Main
23:54:47.638 [FXGL Background Thread 1 ] DEBUG GameApplicationServi - Applying CSS: fxgl_dark.css
23:54:47.639 [FXGL Background Thread 1 ] DEBUG FXGLAssetLoaderServi - Loading from file system: jar:file:///C:/Users/nambu/.m2/repository/com/github/almasb/fxgl/17.3/fxgl-17.3.jar!/fxglassets/ui/css/fxgl_dark.css
23:54:47.669 [FXGL Background Thread 1 ] DEBUG GameApplicationServi - Initializing application scenes
23:54:47.693 [FXGL Background Thread 1 ] DEBUG GameWorld            - Game world initialized
23:54:47.728 [FXGL Background Thread 1 ] DEBUG PhysicsWorld         - Physics world initialized: appHeight=600, physics.ppm=50.0
23:54:47.728 [FXGL Background Thread 1 ] DEBUG PhysicsWorld         - Using strategy: BRUTE_FORCE
23:54:47.730 [FXGL Background Thread 1 ] DEBUG GameScene            - Game scene initialized: 800x600
23:54:47.739 [FXGL Background Thread 1 ] DEBUG FXGL.DefaultMenu     - createMenuBodyGameMenu()
23:54:47.749 [FXGL Background Thread 1 ] DEBUG FXGL.DefaultMenu     - createOptionsMenu()
23:54:47.756 [FXGL Background Thread 1 ] DEBUG FXGLAssetLoaderServi - Loading from file system: jar:file:///C:/Users/nambu/.m2/repository/com/github/almasb/fxgl/17.3/fxgl-17.3.jar!/fxglassets/textures/particles/smoke.png
23:54:47.812 [FXGL Background Thread 1 ] DEBUG FXGLAssetLoaderServi - Loading from file system: jar:file:///C:/Users/nambu/.m2/repository/com/github/almasb/fxgl/17.3/fxgl-17.3.jar!/fxglassets/textures/particles/trace_horizontal.png
23:54:47.834 [FXGL Background Thread 1 ] DEBUG GameApplicationServi - Application scenes initialized
23:54:47.841 [FXGL Background Thread 1 ] DEBUG SystemBundleService  - Loading FXGL system data
23:54:47.848 [FXGL Background Thread 1 ] DEBUG FileSystemAccess     - Reading from: C:\Users\nambu\Desktop\INT2204_10_Arkanoid\system\fxgl.bundle
23:54:47.856 [FXGL Background Thread 1 ] DEBUG SystemBundleService  - Bundle FXGL: {}
23:54:47.856 [FXGL Background Thread 1 ] DEBUG UpdaterService       - Checking for updates
23:54:47.859 [FXGL Background Thread 4 ] DEBUG FXGLApplication      - Loading fonts
23:54:47.859 [FXGL Background Thread 4 ] DEBUG FXGLAssetLoaderServi - Loading from file system: jar:file:///C:/Users/nambu/.m2/repository/com/github/almasb/fxgl/17.3/fxgl-17.3.jar!/fxglassets/ui/fonts/VarelaRound-Regular.ttf
23:54:47.859 [FXGL Background Thread 1 ] DEBUG FXGLApplication      - Loading default localization
23:54:47.860 [FXGL Background Thread 1 ] DEBUG FXGLAssetLoaderServi - Loading from file system: jar:file:///C:/Users/nambu/.m2/repository/com/github/almasb/fxgl/17.3/fxgl-17.3.jar!/fxglassets/languages/english.lang
23:54:47.870 [FXGL Background Thread 1 ] INFO  FXGLApplication      - FXGL initialization took: 0.268 sec
23:54:47.870 [JavaFX Application Thread] DEBUG FXGLAssetLoaderServi - Loading from file system: jar:file:///C:/Users/nambu/.m2/repository/com/github/almasb/fxgl/17.3/fxgl-17.3.jar!/fxglassets/textures/fxgl_icon.png
23:54:47.885 [JavaFX Application Thread] DEBUG FXGLAssetLoaderServi - Loading from file system: jar:file:///C:/Users/nambu/.m2/repository/com/github/almasb/fxgl/17.3/fxgl-17.3.jar!/fxglassets/textures/fxgl_default_cursor.png
23:54:47.891 [FXGL Background Thread 4 ] DEBUG FXGLAssetLoaderServi - Loading from file system: jar:file:///C:/Users/nambu/.m2/repository/com/github/almasb/fxgl/17.3/fxgl-17.3.jar!/fxglassets/ui/fonts/Abel-Regular.ttf
23:54:47.895 [FXGL Background Thread 4 ] DEBUG FXGLAssetLoaderServi - Loading from file system: jar:file:///C:/Users/nambu/.m2/repository/com/github/almasb/fxgl/17.3/fxgl-17.3.jar!/fxglassets/ui/fonts/TerminalLandMono-Regular.otf
23:54:47.895 [JavaFX Application Thread] DEBUG Input                - Registered new binding: Screenshot - CTRL+8
23:54:47.896 [JavaFX Application Thread] DEBUG Input                - Registered new binding: System info dump - CTRL+9
23:54:47.896 [JavaFX Application Thread] DEBUG Input                - Registered new binding: Restart - CTRL+R
23:54:47.897 [JavaFX Application Thread] DEBUG Input                - Registered new binding: Toggle Debug Camera - CTRL+7
23:54:47.899 [JavaFX Application Thread] DEBUG LoopRunner           - Starting loop
23:54:47.899 [JavaFX Application Thread] DEBUG LoopRunner           - Initializing JavaFX AnimationTimerLoop
23:54:47.899 [FXGL Background Thread 4 ] DEBUG FXGLAssetLoaderServi - Loading from file system: jar:file:///C:/Users/nambu/.m2/repository/com/github/almasb/fxgl/17.3/fxgl-17.3.jar!/fxglassets/ui/fonts/Courier-Prime.ttf
23:54:47.900 [JavaFX Application Thread] DEBUG GameApplicationServi - Starting new game
23:54:47.900 [JavaFX Application Thread] DEBUG Input                - Clearing active input actions
23:54:47.908 [JavaFX Application Thread] DEBUG GameApplicationServi - Removing overlay from FXGLStartupScene and adding to FXGLLoadingScene
23:54:47.909 [JavaFX Application Thread] DEBUG PrimaryStageWindow   - FXGLStartupScene -> FXGLLoadingScene
23:54:47.909 [JavaFX Application Thread] DEBUG GameApplicationServi - Clearing previous game
23:54:47.909 [JavaFX Application Thread] DEBUG GameScene            - Clearing game scene
23:54:47.909 [JavaFX Application Thread] DEBUG GameWorld            - Clearing game world
23:54:47.909 [JavaFX Application Thread] DEBUG PhysicsWorld         - Clearing physics world
23:54:47.910 [JavaFX Application Thread] DEBUG FXGLApplication      - Registering font factories with UI factory
23:54:47.910 [FXGL Background Thread 4 ] DEBUG FXGLApplication      - Initializing game
23:54:47.912 [FXGL Background Thread 4 ] INFO  FXGLApplication      - Game initialization took: 0.002 sec
23:54:47.914 [JavaFX Application Thread] DEBUG Input                - Clearing active input actions
23:54:47.921 [JavaFX Application Thread] DEBUG GameApplicationServi - Removing overlay from FXGLLoadingScene and adding to GameScene
23:54:47.921 [JavaFX Application Thread] DEBUG PrimaryStageWindow   - FXGLLoadingScene -> GameScene
23:54:48.494 [FXGL Background Thread 2 ] INFO  UpdaterService       - Your current version:  17.3
23:54:48.494 [FXGL Background Thread 2 ] INFO  UpdaterService       - Latest stable version: 21.1
23:54:49.289 [JavaFX Application Thread] DEBUG FXGLApplication      - Exiting FXGL
23:54:49.289 [JavaFX Application Thread] DEBUG LoopRunner           - Stopping loop
23:54:49.289 [JavaFX Application Thread] DEBUG SystemBundleService  - Saving FXGL system data
23:54:49.291 [JavaFX Application Thread] DEBUG FileSystemAccess     - Writing to: C:\Users\nambu\Desktop\INT2204_10_Arkanoid\system\fxgl.bundle
23:54:49.292 [JavaFX Application Thread] DEBUG Async                - Shutting down background threads
23:54:49.293 [JavaFX Application Thread] DEBUG PrimaryStageWindow   - Closing main window
23:54:49.309 [JavaFX Application Thread] DEBUG Logger               - Closing Logger
