00:21:58.149 [main                     ] DEBUG Logger               - Configured Logger
00:21:58.156 [main                     ] DEBUG GameApplication      - Logging settings
Title: Arkanoid
Version: 0.0.1
Width: 800
Height: 600
Fullscreen: false
Intro: false
Profiling: false
Single step:false
App Mode: DEVELOPER
Menu Key: ESCAPE
Stage Style: DECORATED
Scene Factory: class com.almasb.fxgl.app.scene.SceneFactory

00:21:58.573 [JavaFX Application Thread] DEBUG FXGLApplication      - Initializing FXGL
00:21:58.574 [JavaFX Application Thread] INFO  Engine               - FXGL-17.3 (30.03.2023 11.49) on WINDOWS (J:25 FX:21.0.6)
00:21:58.575 [JavaFX Application Thread] DEBUG Engine               - JRE Vendor Name: Oracle Corporation
00:21:58.575 [JavaFX Application Thread] DEBUG Engine               - Running on OS: Windows 11 version 10.0
00:21:58.575 [JavaFX Application Thread] DEBUG Engine               - Architecture: amd64
00:21:58.575 [JavaFX Application Thread] INFO  Engine               - Source code and latest versions at: https://github.com/AlmasB/FXGL
00:21:58.575 [JavaFX Application Thread] INFO  Engine               -       Ask questions and discuss at: https://github.com/AlmasB/FXGL/discussions
00:21:58.575 [JavaFX Application Thread] INFO  Engine               -              Join the FXGL chat at: https://gitter.im/AlmasB/FXGL
00:21:58.644 [JavaFX Application Thread] DEBUG PrimaryStageWindow   - Creating a JavaFX scene
00:21:58.684 [JavaFX Application Thread] DEBUG PrimaryStageWindow   - Target settings size: 800.0 x 600.0
00:21:58.685 [JavaFX Application Thread] DEBUG PrimaryStageWindow   - Scaled scene size:    800.0 x 600.0
00:21:58.685 [JavaFX Application Thread] DEBUG PrimaryStageWindow   - Scaled ratio: (1.0, 1.0)
00:21:58.685 [JavaFX Application Thread] DEBUG PrimaryStageWindow   - Set initial scene to FXGLStartupScene
00:21:58.687 [JavaFX Application Thread] DEBUG PrimaryStageWindow   - Opening main window
00:21:58.771 [JavaFX Application Thread] DEBUG PrimaryStageWindow   - Window border size: (16.0, 39.0)
00:21:58.771 [JavaFX Application Thread] DEBUG PrimaryStageWindow   - Scaled size: 800.0 x 600.0
00:21:58.771 [JavaFX Application Thread] DEBUG PrimaryStageWindow   - Scaled ratio: (1.0, 1.0)
00:21:58.771 [JavaFX Application Thread] DEBUG PrimaryStageWindow   - Scene size: 800.0 x 600.0
00:21:58.771 [JavaFX Application Thread] DEBUG PrimaryStageWindow   - Stage size: 816.0 x 639.0
00:21:58.777 [FXGL Background Thread 1 ] DEBUG Engine               - Initializing environment variables
00:21:58.819 [FXGL Background Thread 1 ] DEBUG FXGLAssetLoaderServi - User app class for loading assets: class org.arkanoid.Main
00:21:58.819 [FXGL Background Thread 1 ] DEBUG GameApplicationServi - Applying CSS: fxgl_dark.css
00:21:58.820 [FXGL Background Thread 1 ] DEBUG FXGLAssetLoaderServi - Loading from file system: jar:file:///C:/Users/nambu/.m2/repository/com/github/almasb/fxgl/17.3/fxgl-17.3.jar!/fxglassets/ui/css/fxgl_dark.css
00:21:58.852 [FXGL Background Thread 1 ] DEBUG GameApplicationServi - Initializing application scenes
00:21:58.874 [FXGL Background Thread 1 ] DEBUG GameWorld            - Game world initialized
00:21:58.909 [FXGL Background Thread 1 ] DEBUG PhysicsWorld         - Physics world initialized: appHeight=600, physics.ppm=50.0
00:21:58.909 [FXGL Background Thread 1 ] DEBUG PhysicsWorld         - Using strategy: BRUTE_FORCE
00:21:58.912 [FXGL Background Thread 1 ] DEBUG GameScene            - Game scene initialized: 800x600
00:21:58.921 [FXGL Background Thread 1 ] DEBUG FXGL.DefaultMenu     - createMenuBodyGameMenu()
00:21:58.932 [FXGL Background Thread 1 ] DEBUG FXGL.DefaultMenu     - createOptionsMenu()
00:21:58.940 [FXGL Background Thread 1 ] DEBUG FXGLAssetLoaderServi - Loading from file system: jar:file:///C:/Users/nambu/.m2/repository/com/github/almasb/fxgl/17.3/fxgl-17.3.jar!/fxglassets/textures/particles/smoke.png
00:21:58.997 [FXGL Background Thread 1 ] DEBUG FXGLAssetLoaderServi - Loading from file system: jar:file:///C:/Users/nambu/.m2/repository/com/github/almasb/fxgl/17.3/fxgl-17.3.jar!/fxglassets/textures/particles/trace_horizontal.png
00:21:59.019 [FXGL Background Thread 1 ] DEBUG GameApplicationServi - Application scenes initialized
00:21:59.027 [FXGL Background Thread 1 ] DEBUG SystemBundleService  - Loading FXGL system data
00:21:59.029 [FXGL Background Thread 1 ] DEBUG FileSystemAccess     - Reading from: C:\Users\nambu\Desktop\INT2204_10_Arkanoid\system\fxgl.bundle
00:21:59.033 [FXGL Background Thread 1 ] DEBUG SystemBundleService  - Bundle FXGL: {}
00:21:59.033 [FXGL Background Thread 1 ] DEBUG UpdaterService       - Checking for updates
00:21:59.036 [FXGL Background Thread 4 ] DEBUG FXGLApplication      - Loading fonts
00:21:59.037 [FXGL Background Thread 1 ] DEBUG FXGLApplication      - Loading default localization
00:21:59.037 [FXGL Background Thread 4 ] DEBUG FXGLAssetLoaderServi - Loading from file system: jar:file:///C:/Users/nambu/.m2/repository/com/github/almasb/fxgl/17.3/fxgl-17.3.jar!/fxglassets/ui/fonts/VarelaRound-Regular.ttf
00:21:59.037 [FXGL Background Thread 1 ] DEBUG FXGLAssetLoaderServi - Loading from file system: jar:file:///C:/Users/nambu/.m2/repository/com/github/almasb/fxgl/17.3/fxgl-17.3.jar!/fxglassets/languages/english.lang
00:21:59.048 [FXGL Background Thread 1 ] INFO  FXGLApplication      - FXGL initialization took: 0.271 sec
00:21:59.048 [JavaFX Application Thread] DEBUG FXGLAssetLoaderServi - Loading from file system: jar:file:///C:/Users/nambu/.m2/repository/com/github/almasb/fxgl/17.3/fxgl-17.3.jar!/fxglassets/textures/fxgl_icon.png
00:21:59.068 [JavaFX Application Thread] DEBUG FXGLAssetLoaderServi - Loading from file system: jar:file:///C:/Users/nambu/.m2/repository/com/github/almasb/fxgl/17.3/fxgl-17.3.jar!/fxglassets/textures/fxgl_default_cursor.png
00:21:59.071 [FXGL Background Thread 4 ] DEBUG FXGLAssetLoaderServi - Loading from file system: jar:file:///C:/Users/nambu/.m2/repository/com/github/almasb/fxgl/17.3/fxgl-17.3.jar!/fxglassets/ui/fonts/Abel-Regular.ttf
00:21:59.076 [JavaFX Application Thread] DEBUG Input                - Registered new binding: Screenshot - CTRL+8
00:21:59.076 [JavaFX Application Thread] DEBUG Input                - Registered new binding: System info dump - CTRL+9
00:21:59.077 [FXGL Background Thread 4 ] DEBUG FXGLAssetLoaderServi - Loading from file system: jar:file:///C:/Users/nambu/.m2/repository/com/github/almasb/fxgl/17.3/fxgl-17.3.jar!/fxglassets/ui/fonts/TerminalLandMono-Regular.otf
00:21:59.077 [JavaFX Application Thread] DEBUG Input                - Registered new binding: Restart - CTRL+R
00:21:59.079 [JavaFX Application Thread] DEBUG Input                - Registered new binding: Toggle Debug Camera - CTRL+7
00:21:59.081 [JavaFX Application Thread] DEBUG LoopRunner           - Starting loop
00:21:59.081 [JavaFX Application Thread] DEBUG LoopRunner           - Initializing JavaFX AnimationTimerLoop
00:21:59.081 [JavaFX Application Thread] DEBUG GameApplicationServi - Starting new game
00:21:59.081 [FXGL Background Thread 4 ] DEBUG FXGLAssetLoaderServi - Loading from file system: jar:file:///C:/Users/nambu/.m2/repository/com/github/almasb/fxgl/17.3/fxgl-17.3.jar!/fxglassets/ui/fonts/Courier-Prime.ttf
00:21:59.083 [JavaFX Application Thread] DEBUG Input                - Clearing active input actions
00:21:59.092 [JavaFX Application Thread] DEBUG GameApplicationServi - Removing overlay from FXGLStartupScene and adding to FXGLLoadingScene
00:21:59.093 [JavaFX Application Thread] DEBUG PrimaryStageWindow   - FXGLStartupScene -> FXGLLoadingScene
00:21:59.093 [JavaFX Application Thread] DEBUG GameApplicationServi - Clearing previous game
00:21:59.093 [JavaFX Application Thread] DEBUG GameScene            - Clearing game scene
00:21:59.093 [JavaFX Application Thread] DEBUG GameWorld            - Clearing game world
00:21:59.093 [JavaFX Application Thread] DEBUG PhysicsWorld         - Clearing physics world
00:21:59.095 [FXGL Background Thread 4 ] DEBUG FXGLApplication      - Initializing game
00:21:59.095 [JavaFX Application Thread] DEBUG FXGLApplication      - Registering font factories with UI factory
00:21:59.098 [FXGL Background Thread 4 ] INFO  FXGLApplication      - Game initialization took: 0.004 sec
00:21:59.125 [JavaFX Application Thread] DEBUG Input                - Clearing active input actions
00:21:59.135 [JavaFX Application Thread] DEBUG GameApplicationServi - Removing overlay from FXGLLoadingScene and adding to GameScene
00:21:59.135 [JavaFX Application Thread] DEBUG PrimaryStageWindow   - FXGLLoadingScene -> GameScene
00:22:02.036 [FXGL Background Thread 3 ] DEBUG Engine               - Logging environment variables
00:22:02.036 [FXGL Background Thread 3 ] DEBUG Engine               - achievements: []
00:22:02.036 [FXGL Background Thread 3 ] DEBUG Engine               - actualHeight: 600.0
00:22:02.036 [FXGL Background Thread 3 ] DEBUG Engine               - actualHeightProperty: ReadOnlyDoubleProperty [value: 600.0]
00:22:02.036 [FXGL Background Thread 3 ] DEBUG Engine               - actualWidth: 800.0
00:22:02.036 [FXGL Background Thread 3 ] DEBUG Engine               - actualWidthProperty: ReadOnlyDoubleProperty [value: 800.0]
00:22:02.036 [FXGL Background Thread 3 ] DEBUG Engine               - appIcon: fxgl_icon.png
00:22:02.036 [FXGL Background Thread 3 ] DEBUG Engine               - applicationMode: DEVELOPER
00:22:02.037 [FXGL Background Thread 3 ] DEBUG Engine               - cSSList: [fxgl_dark.css]
00:22:02.037 [FXGL Background Thread 3 ] DEBUG Engine               - collisionDetectionStrategy: BRUTE_FORCE
00:22:02.037 [FXGL Background Thread 3 ] DEBUG Engine               - configClass: Optional.empty
00:22:02.037 [FXGL Background Thread 3 ] DEBUG Engine               - credits: []
00:22:02.037 [FXGL Background Thread 3 ] DEBUG Engine               - defaultCursor: CursorInfo(imageName=fxgl_default_cursor.png, hotspotX=7.0, hotspotY=6.0)
00:22:02.037 [FXGL Background Thread 3 ] DEBUG Engine               - devBBoxColorProperty: ObjectProperty [value: 0xff0000ff]
00:22:02.037 [FXGL Background Thread 3 ] DEBUG Engine               - devEnableDebugCameraProperty: BooleanProperty [value: false]
00:22:02.037 [FXGL Background Thread 3 ] DEBUG Engine               - devSensorColorProperty: ObjectProperty [value: 0xffff00ff]
00:22:02.037 [FXGL Background Thread 3 ] DEBUG Engine               - devShowBBoxProperty: BooleanProperty [value: false]
00:22:02.037 [FXGL Background Thread 3 ] DEBUG Engine               - devShowPositionProperty: BooleanProperty [value: false]
00:22:02.037 [FXGL Background Thread 3 ] DEBUG Engine               - enabledMenuItems: []
00:22:02.037 [FXGL Background Thread 3 ] DEBUG Engine               - engineServices: [class com.almasb.fxgl.app.services.FXGLAssetLoaderService, class com.almasb.fxgl.app.FXGLApplication$GameApplicationService, class com.almasb.fxgl.app.services.FXGLDialogService, class com.almasb.fxgl.app.services.IOTaskExecutorService, class com.almasb.fxgl.io.FileSystemService, class com.almasb.fxgl.localization.LocalizationService, class com.almasb.fxgl.app.services.SystemBundleService, class com.almasb.fxgl.profile.SaveLoadService, class com.almasb.fxgl.ui.FXGLUIFactoryServiceProvider, class com.almasb.fxgl.ui.FXGLDialogFactoryServiceProvider, class com.almasb.fxgl.audio.AudioPlayer, class com.almasb.fxgl.notification.impl.NotificationServiceProvider, class com.almasb.fxgl.achievement.AchievementService, class com.almasb.fxgl.cutscene.CutsceneService, class com.almasb.fxgl.minigames.MiniGameService, class com.almasb.fxgl.net.NetService, class com.almasb.fxgl.app.services.UpdaterService, class com.almasb.fxgl.dev.DevService]
00:22:02.037 [FXGL Background Thread 3 ] DEBUG Engine               - fontGame: Abel-Regular.ttf
00:22:02.037 [FXGL Background Thread 3 ] DEBUG Engine               - fontMono: TerminalLandMono-Regular.otf
00:22:02.038 [FXGL Background Thread 3 ] DEBUG Engine               - fontSizeScaleUI: 1.0
00:22:02.038 [FXGL Background Thread 3 ] DEBUG Engine               - fontText: Courier-Prime.ttf
00:22:02.038 [FXGL Background Thread 3 ] DEBUG Engine               - fontUI: VarelaRound-Regular.ttf
00:22:02.038 [FXGL Background Thread 3 ] DEBUG Engine               - fullScreen: BooleanProperty [value: false]
00:22:02.038 [FXGL Background Thread 3 ] DEBUG Engine               - gameDifficulty: MEDIUM
00:22:02.038 [FXGL Background Thread 3 ] DEBUG Engine               - gameDifficultyProperty: ObjectProperty [value: MEDIUM]
00:22:02.038 [FXGL Background Thread 3 ] DEBUG Engine               - globalMusicVolume: 0.5
00:22:02.038 [FXGL Background Thread 3 ] DEBUG Engine               - globalMusicVolumeProperty: DoubleProperty [value: 0.5]
00:22:02.038 [FXGL Background Thread 3 ] DEBUG Engine               - globalSoundVolume: 0.5
00:22:02.038 [FXGL Background Thread 3 ] DEBUG Engine               - globalSoundVolumeProperty: DoubleProperty [value: 0.5]
00:22:02.038 [FXGL Background Thread 3 ] DEBUG Engine               - height: 600
00:22:02.038 [FXGL Background Thread 3 ] DEBUG Engine               - is3D: false
00:22:02.038 [FXGL Background Thread 3 ] DEBUG Engine               - isAndroid: false
00:22:02.038 [FXGL Background Thread 3 ] DEBUG Engine               - isBrowser: false
00:22:02.038 [FXGL Background Thread 3 ] DEBUG Engine               - isClickFeedbackEnabled: false
00:22:02.038 [FXGL Background Thread 3 ] DEBUG Engine               - isCloseConfirmation: false
00:22:02.038 [FXGL Background Thread 3 ] DEBUG Engine               - isDesktop: true
00:22:02.038 [FXGL Background Thread 3 ] DEBUG Engine               - isDeveloperMenuEnabled: false
00:22:02.038 [FXGL Background Thread 3 ] DEBUG Engine               - isEmbedded: false
00:22:02.038 [FXGL Background Thread 3 ] DEBUG Engine               - isEntityPreloadEnabled: true
00:22:02.038 [FXGL Background Thread 3 ] DEBUG Engine               - isExperimentalTiledLargeMap: false
00:22:02.038 [FXGL Background Thread 3 ] DEBUG Engine               - isFileSystemWriteAllowed: true
00:22:02.038 [FXGL Background Thread 3 ] DEBUG Engine               - isFullScreenAllowed: false
00:22:02.038 [FXGL Background Thread 3 ] DEBUG Engine               - isFullScreenFromStart: false
00:22:02.038 [FXGL Background Thread 3 ] DEBUG Engine               - isGameMenuEnabled: true
00:22:02.038 [FXGL Background Thread 3 ] DEBUG Engine               - isIOS: false
00:22:02.038 [FXGL Background Thread 3 ] DEBUG Engine               - isIntroEnabled: false
00:22:02.038 [FXGL Background Thread 3 ] DEBUG Engine               - isLinux: false
00:22:02.038 [FXGL Background Thread 3 ] DEBUG Engine               - isMac: false
00:22:02.038 [FXGL Background Thread 3 ] DEBUG Engine               - isMainMenuEnabled: false
00:22:02.039 [FXGL Background Thread 3 ] DEBUG Engine               - isManualResizeEnabled: false
00:22:02.039 [FXGL Background Thread 3 ] DEBUG Engine               - isMobile: false
00:22:02.039 [FXGL Background Thread 3 ] DEBUG Engine               - isNative: false
00:22:02.039 [FXGL Background Thread 3 ] DEBUG Engine               - isPauseMusicWhenMinimized: true
00:22:02.039 [FXGL Background Thread 3 ] DEBUG Engine               - isPreserveResizeRatio: false
00:22:02.039 [FXGL Background Thread 3 ] DEBUG Engine               - isProfilingEnabled: false
00:22:02.039 [FXGL Background Thread 3 ] DEBUG Engine               - isScaleAffectedOnResize: true
00:22:02.039 [FXGL Background Thread 3 ] DEBUG Engine               - isSingleStep: false
00:22:02.039 [FXGL Background Thread 3 ] DEBUG Engine               - isUserProfileEnabled: false
00:22:02.039 [FXGL Background Thread 3 ] DEBUG Engine               - isWindows: true
00:22:02.039 [FXGL Background Thread 3 ] DEBUG Engine               - language: ObjectProperty [value: ENGLISH]
00:22:02.039 [FXGL Background Thread 3 ] DEBUG Engine               - menuKey: ESCAPE
00:22:02.039 [FXGL Background Thread 3 ] DEBUG Engine               - mouseSensitivity: 0.2
00:22:02.039 [FXGL Background Thread 3 ] DEBUG Engine               - notificationViewClass: class com.almasb.fxgl.notification.view.XboxNotificationView
00:22:02.039 [FXGL Background Thread 3 ] DEBUG Engine               - pixelsPerMeter: 50.0
00:22:02.039 [FXGL Background Thread 3 ] DEBUG Engine               - platform: WINDOWS
00:22:02.039 [FXGL Background Thread 3 ] DEBUG Engine               - prefHeightProperty: ReadOnlyDoubleProperty [value: 600.0]
00:22:02.039 [FXGL Background Thread 3 ] DEBUG Engine               - prefWidthProperty: ReadOnlyDoubleProperty [value: 800.0]
00:22:02.039 [FXGL Background Thread 3 ] DEBUG Engine               - profileDir: profiles/
00:22:02.039 [FXGL Background Thread 3 ] DEBUG Engine               - profileName: StringProperty [value: DEFAULT]
00:22:02.039 [FXGL Background Thread 3 ] DEBUG Engine               - randomSeed: -1
00:22:02.039 [FXGL Background Thread 3 ] DEBUG Engine               - runtimeInfo: RuntimeInfo(platform=WINDOWS, version=17.3, build=30.03.2023 11.49)
00:22:02.039 [FXGL Background Thread 3 ] DEBUG Engine               - saveFileExt: sav
00:22:02.039 [FXGL Background Thread 3 ] DEBUG Engine               - scaledHeightProp$fxgl: DoubleProperty [bound, value: 600.0]
00:22:02.039 [FXGL Background Thread 3 ] DEBUG Engine               - scaledWidthProp$fxgl: DoubleProperty [bound, value: 800.0]
00:22:02.039 [FXGL Background Thread 3 ] DEBUG Engine               - sceneFactory: com.almasb.fxgl.app.scene.SceneFactory@64a08c20
00:22:02.039 [FXGL Background Thread 3 ] DEBUG Engine               - secondsIn24h: 60
00:22:02.039 [FXGL Background Thread 3 ] DEBUG Engine               - soundMenuBack: menu/back.wav
00:22:02.039 [FXGL Background Thread 3 ] DEBUG Engine               - soundMenuPress: menu/press.wav
00:22:02.039 [FXGL Background Thread 3 ] DEBUG Engine               - soundMenuSelect: menu/select.wav
00:22:02.039 [FXGL Background Thread 3 ] DEBUG Engine               - soundNotification: core/notification.wav
00:22:02.039 [FXGL Background Thread 3 ] DEBUG Engine               - stageStyle: DECORATED
00:22:02.040 [FXGL Background Thread 3 ] DEBUG Engine               - supportedLanguages: [ENGLISH, FRENCH, GERMAN, HUNGARIAN, RUSSIAN]
00:22:02.040 [FXGL Background Thread 3 ] DEBUG Engine               - ticksPerSecond: -1
00:22:02.040 [FXGL Background Thread 3 ] DEBUG Engine               - title: Arkanoid
00:22:02.040 [FXGL Background Thread 3 ] DEBUG Engine               - urlGithub: https://github.com/AlmasB/FXGL
00:22:02.040 [FXGL Background Thread 3 ] DEBUG Engine               - urlLeaderboard: http://fxgl-top.herokuapp.com/
00:22:02.040 [FXGL Background Thread 3 ] DEBUG Engine               - urlPOM: https://raw.githubusercontent.com/AlmasB/FXGL/release/README.md
00:22:02.040 [FXGL Background Thread 3 ] DEBUG Engine               - userAppClass: class org.arkanoid.Main
00:22:02.040 [FXGL Background Thread 3 ] DEBUG Engine               - version: 0.0.1
00:22:02.040 [FXGL Background Thread 3 ] DEBUG Engine               - versionCheckDays: 7
00:22:02.040 [FXGL Background Thread 3 ] DEBUG Engine               - width: 800
00:22:02.040 [FXGL Background Thread 3 ] DEBUG Engine               - Logging services
00:22:02.040 [FXGL Background Thread 3 ] DEBUG Engine               - class com.almasb.fxgl.app.services.FXGLAssetLoaderService
00:22:02.040 [FXGL Background Thread 3 ] DEBUG Engine               - class com.almasb.fxgl.app.FXGLApplication$GameApplicationService
00:22:02.040 [FXGL Background Thread 3 ] DEBUG Engine               - class com.almasb.fxgl.app.services.FXGLDialogService
00:22:02.040 [FXGL Background Thread 3 ] DEBUG Engine               - class com.almasb.fxgl.app.services.IOTaskExecutorService
00:22:02.040 [FXGL Background Thread 3 ] DEBUG Engine               - class com.almasb.fxgl.io.FileSystemService
00:22:02.040 [FXGL Background Thread 3 ] DEBUG Engine               - class com.almasb.fxgl.localization.LocalizationService
00:22:02.040 [FXGL Background Thread 3 ] DEBUG Engine               - class com.almasb.fxgl.app.services.SystemBundleService
00:22:02.040 [FXGL Background Thread 3 ] DEBUG Engine               - class com.almasb.fxgl.profile.SaveLoadService
00:22:02.040 [FXGL Background Thread 3 ] DEBUG Engine               - class com.almasb.fxgl.ui.FXGLUIFactoryServiceProvider
00:22:02.040 [FXGL Background Thread 3 ] DEBUG Engine               - class com.almasb.fxgl.ui.FXGLDialogFactoryServiceProvider
00:22:02.040 [FXGL Background Thread 3 ] DEBUG Engine               - class com.almasb.fxgl.audio.AudioPlayer
00:22:02.040 [FXGL Background Thread 3 ] DEBUG Engine               - class com.almasb.fxgl.notification.impl.NotificationServiceProvider
00:22:02.040 [FXGL Background Thread 3 ] DEBUG Engine               - class com.almasb.fxgl.achievement.AchievementService
00:22:02.040 [FXGL Background Thread 3 ] DEBUG Engine               - class com.almasb.fxgl.cutscene.CutsceneService
00:22:02.040 [FXGL Background Thread 3 ] DEBUG Engine               - class com.almasb.fxgl.minigames.MiniGameService
00:22:02.040 [FXGL Background Thread 3 ] DEBUG Engine               - class com.almasb.fxgl.net.NetService
00:22:02.040 [FXGL Background Thread 3 ] DEBUG Engine               - class com.almasb.fxgl.app.services.UpdaterService
00:22:02.040 [FXGL Background Thread 3 ] DEBUG Engine               - class com.almasb.fxgl.dev.DevService
00:22:15.076 [JavaFX Application Thread] DEBUG FXGLApplication      - Exiting FXGL
00:22:15.076 [JavaFX Application Thread] DEBUG LoopRunner           - Stopping loop
00:22:15.076 [JavaFX Application Thread] DEBUG SystemBundleService  - Saving FXGL system data
00:22:15.079 [JavaFX Application Thread] DEBUG FileSystemAccess     - Writing to: C:\Users\nambu\Desktop\INT2204_10_Arkanoid\system\fxgl.bundle
00:22:15.080 [JavaFX Application Thread] DEBUG Async                - Shutting down background threads
00:22:15.080 [JavaFX Application Thread] DEBUG PrimaryStageWindow   - Closing main window
00:22:15.096 [JavaFX Application Thread] DEBUG Logger               - Closing Logger
