00:22:35.314 [main                     ] DEBUG Logger               - Configured Logger
00:22:35.321 [main                     ] DEBUG GameApplication      - Logging settings
Title: Arkanoid
Version: 0.0.1
Width: 800
Height: 600
Fullscreen: false
Intro: false
Profiling: false
Single step:false
App Mode: DEVELOPER
Menu Key: ESCAPE
Stage Style: DECORATED
Scene Factory: class com.almasb.fxgl.app.scene.SceneFactory

00:22:35.717 [JavaFX Application Thread] DEBUG FXGLApplication      - Initializing FXGL
00:22:35.719 [JavaFX Application Thread] INFO  Engine               - FXGL-17.3 (30.03.2023 11.49) on WINDOWS (J:25 FX:21.0.6)
00:22:35.719 [JavaFX Application Thread] DEBUG Engine               - JRE Vendor Name: Oracle Corporation
00:22:35.719 [JavaFX Application Thread] DEBUG Engine               - Running on OS: Windows 11 version 10.0
00:22:35.719 [JavaFX Application Thread] DEBUG Engine               - Architecture: amd64
00:22:35.719 [JavaFX Application Thread] INFO  Engine               - Source code and latest versions at: https://github.com/AlmasB/FXGL
00:22:35.720 [JavaFX Application Thread] INFO  Engine               -       Ask questions and discuss at: https://github.com/AlmasB/FXGL/discussions
00:22:35.720 [JavaFX Application Thread] INFO  Engine               -              Join the FXGL chat at: https://gitter.im/AlmasB/FXGL
00:22:35.786 [JavaFX Application Thread] DEBUG PrimaryStageWindow   - Creating a JavaFX scene
00:22:35.820 [JavaFX Application Thread] DEBUG PrimaryStageWindow   - Target settings size: 800.0 x 600.0
00:22:35.820 [JavaFX Application Thread] DEBUG PrimaryStageWindow   - Scaled scene size:    800.0 x 600.0
00:22:35.820 [JavaFX Application Thread] DEBUG PrimaryStageWindow   - Scaled ratio: (1.0, 1.0)
00:22:35.821 [JavaFX Application Thread] DEBUG PrimaryStageWindow   - Set initial scene to FXGLStartupScene
00:22:35.823 [JavaFX Application Thread] DEBUG PrimaryStageWindow   - Opening main window
00:22:35.904 [JavaFX Application Thread] DEBUG PrimaryStageWindow   - Window border size: (16.0, 39.0)
00:22:35.904 [JavaFX Application Thread] DEBUG PrimaryStageWindow   - Scaled size: 800.0 x 600.0
00:22:35.904 [JavaFX Application Thread] DEBUG PrimaryStageWindow   - Scaled ratio: (1.0, 1.0)
00:22:35.906 [JavaFX Application Thread] DEBUG PrimaryStageWindow   - Scene size: 800.0 x 600.0
00:22:35.906 [JavaFX Application Thread] DEBUG PrimaryStageWindow   - Stage size: 816.0 x 639.0
00:22:35.910 [FXGL Background Thread 1 ] DEBUG Engine               - Initializing environment variables
00:22:35.950 [FXGL Background Thread 1 ] DEBUG FXGLAssetLoaderServi - User app class for loading assets: class org.arkanoid.Main
00:22:35.951 [FXGL Background Thread 1 ] DEBUG GameApplicationServi - Applying CSS: fxgl_dark.css
00:22:35.951 [FXGL Background Thread 1 ] DEBUG FXGLAssetLoaderServi - Loading from file system: jar:file:///C:/Users/nambu/.m2/repository/com/github/almasb/fxgl/17.3/fxgl-17.3.jar!/fxglassets/ui/css/fxgl_dark.css
00:22:35.983 [FXGL Background Thread 1 ] DEBUG GameApplicationServi - Initializing application scenes
00:22:36.005 [FXGL Background Thread 1 ] DEBUG GameWorld            - Game world initialized
00:22:36.039 [FXGL Background Thread 1 ] DEBUG PhysicsWorld         - Physics world initialized: appHeight=600, physics.ppm=50.0
00:22:36.039 [FXGL Background Thread 1 ] DEBUG PhysicsWorld         - Using strategy: BRUTE_FORCE
00:22:36.042 [FXGL Background Thread 1 ] DEBUG GameScene            - Game scene initialized: 800x600
00:22:36.051 [FXGL Background Thread 1 ] DEBUG FXGL.DefaultMenu     - createMenuBodyGameMenu()
00:22:36.060 [FXGL Background Thread 1 ] DEBUG FXGL.DefaultMenu     - createOptionsMenu()
00:22:36.067 [FXGL Background Thread 1 ] DEBUG FXGLAssetLoaderServi - Loading from file system: jar:file:///C:/Users/nambu/.m2/repository/com/github/almasb/fxgl/17.3/fxgl-17.3.jar!/fxglassets/textures/particles/smoke.png
00:22:36.125 [FXGL Background Thread 1 ] DEBUG FXGLAssetLoaderServi - Loading from file system: jar:file:///C:/Users/nambu/.m2/repository/com/github/almasb/fxgl/17.3/fxgl-17.3.jar!/fxglassets/textures/particles/trace_horizontal.png
00:22:36.150 [FXGL Background Thread 1 ] DEBUG GameApplicationServi - Application scenes initialized
00:22:36.158 [FXGL Background Thread 1 ] DEBUG SystemBundleService  - Loading FXGL system data
00:22:36.161 [FXGL Background Thread 1 ] DEBUG FileSystemAccess     - Reading from: C:\Users\nambu\Desktop\INT2204_10_Arkanoid\system\fxgl.bundle
00:22:36.165 [FXGL Background Thread 1 ] DEBUG SystemBundleService  - Bundle FXGL: {}
00:22:36.165 [FXGL Background Thread 1 ] DEBUG UpdaterService       - Checking for updates
00:22:36.168 [FXGL Background Thread 4 ] DEBUG FXGLApplication      - Loading fonts
00:22:36.168 [FXGL Background Thread 4 ] DEBUG FXGLAssetLoaderServi - Loading from file system: jar:file:///C:/Users/nambu/.m2/repository/com/github/almasb/fxgl/17.3/fxgl-17.3.jar!/fxglassets/ui/fonts/VarelaRound-Regular.ttf
00:22:36.168 [FXGL Background Thread 1 ] DEBUG FXGLApplication      - Loading default localization
00:22:36.170 [FXGL Background Thread 1 ] DEBUG FXGLAssetLoaderServi - Loading from file system: jar:file:///C:/Users/nambu/.m2/repository/com/github/almasb/fxgl/17.3/fxgl-17.3.jar!/fxglassets/languages/english.lang
00:22:36.181 [FXGL Background Thread 1 ] INFO  FXGLApplication      - FXGL initialization took: 0.270 sec
00:22:36.181 [JavaFX Application Thread] DEBUG FXGLAssetLoaderServi - Loading from file system: jar:file:///C:/Users/nambu/.m2/repository/com/github/almasb/fxgl/17.3/fxgl-17.3.jar!/fxglassets/textures/fxgl_icon.png
00:22:36.199 [JavaFX Application Thread] DEBUG FXGLAssetLoaderServi - Loading from file system: jar:file:///C:/Users/nambu/.m2/repository/com/github/almasb/fxgl/17.3/fxgl-17.3.jar!/fxglassets/textures/fxgl_default_cursor.png
00:22:36.201 [FXGL Background Thread 4 ] DEBUG FXGLAssetLoaderServi - Loading from file system: jar:file:///C:/Users/nambu/.m2/repository/com/github/almasb/fxgl/17.3/fxgl-17.3.jar!/fxglassets/ui/fonts/Abel-Regular.ttf
00:22:36.204 [FXGL Background Thread 4 ] DEBUG FXGLAssetLoaderServi - Loading from file system: jar:file:///C:/Users/nambu/.m2/repository/com/github/almasb/fxgl/17.3/fxgl-17.3.jar!/fxglassets/ui/fonts/TerminalLandMono-Regular.otf
00:22:36.206 [JavaFX Application Thread] DEBUG Input                - Registered new binding: Screenshot - CTRL+8
00:22:36.206 [JavaFX Application Thread] DEBUG Input                - Registered new binding: System info dump - CTRL+9
00:22:36.206 [JavaFX Application Thread] DEBUG Input                - Registered new binding: Restart - CTRL+R
00:22:36.207 [JavaFX Application Thread] DEBUG Input                - Registered new binding: Toggle Debug Camera - CTRL+7
00:22:36.207 [FXGL Background Thread 4 ] DEBUG FXGLAssetLoaderServi - Loading from file system: jar:file:///C:/Users/nambu/.m2/repository/com/github/almasb/fxgl/17.3/fxgl-17.3.jar!/fxglassets/ui/fonts/Courier-Prime.ttf
00:22:36.209 [JavaFX Application Thread] DEBUG LoopRunner           - Starting loop
00:22:36.209 [JavaFX Application Thread] DEBUG LoopRunner           - Initializing JavaFX AnimationTimerLoop
00:22:36.210 [JavaFX Application Thread] DEBUG GameApplicationServi - Starting new game
00:22:36.210 [JavaFX Application Thread] DEBUG Input                - Clearing active input actions
00:22:36.219 [JavaFX Application Thread] DEBUG GameApplicationServi - Removing overlay from FXGLStartupScene and adding to FXGLLoadingScene
00:22:36.219 [JavaFX Application Thread] DEBUG PrimaryStageWindow   - FXGLStartupScene -> FXGLLoadingScene
00:22:36.219 [JavaFX Application Thread] DEBUG GameApplicationServi - Clearing previous game
00:22:36.219 [JavaFX Application Thread] DEBUG GameScene            - Clearing game scene
00:22:36.219 [JavaFX Application Thread] DEBUG GameWorld            - Clearing game world
00:22:36.221 [JavaFX Application Thread] DEBUG PhysicsWorld         - Clearing physics world
00:22:36.222 [FXGL Background Thread 4 ] DEBUG FXGLApplication      - Initializing game
00:22:36.223 [JavaFX Application Thread] DEBUG FXGLApplication      - Registering font factories with UI factory
00:22:36.230 [FXGL Background Thread 4 ] INFO  FXGLApplication      - Game initialization took: 0.009 sec
00:22:36.255 [JavaFX Application Thread] DEBUG Input                - Clearing active input actions
00:22:36.264 [JavaFX Application Thread] DEBUG GameApplicationServi - Removing overlay from FXGLLoadingScene and adding to GameScene
00:22:36.264 [JavaFX Application Thread] DEBUG PrimaryStageWindow   - FXGLLoadingScene -> GameScene
00:22:38.627 [JavaFX Application Thread] DEBUG FXGLApplication      - Exiting FXGL
00:22:38.627 [JavaFX Application Thread] DEBUG LoopRunner           - Stopping loop
00:22:38.627 [JavaFX Application Thread] DEBUG SystemBundleService  - Saving FXGL system data
00:22:38.629 [JavaFX Application Thread] DEBUG FileSystemAccess     - Writing to: C:\Users\nambu\Desktop\INT2204_10_Arkanoid\system\fxgl.bundle
00:22:38.630 [JavaFX Application Thread] DEBUG Async                - Shutting down background threads
00:22:38.630 [JavaFX Application Thread] DEBUG PrimaryStageWindow   - Closing main window
00:22:38.650 [JavaFX Application Thread] DEBUG Logger               - Closing Logger
